<?xml version="1.0" encoding="UTF-8"?>
<!-- Generated by org.testng.reporters.JUnitReportReporter -->
<testsuite skipped="0" hostname="KIRANKK-LAP" name="com.crm.qa.testcases.ContactsPageTest" tests="1" failures="0" timestamp="02 Jan 2019 06:53:43 GMT" time="17.273" errors="0">
  <testcase name="verifyContactsPageLabelTest" time="17.273" classname="com.crm.qa.testcases.ContactsPageTest"/>
</testsuite> <!-- com.crm.qa.testcases.ContactsPageTest -->
