<?xml version="1.0" encoding="UTF-8"?>
<!-- Generated by org.testng.reporters.JUnitReportReporter -->
<testsuite skipped="0" hostname="KIRANKK-LAP" name="com.crm.qa.testcases.HomePageTest" tests="3" failures="0" timestamp="28 Dec 2018 05:52:55 GMT" time="61.330" errors="0">
  <testcase name="verifyHomePageTitleTest" time="19.433" classname="com.crm.qa.testcases.HomePageTest"/>
  <testcase name="verifyUserNameTest" time="20.713" classname="com.crm.qa.testcases.HomePageTest"/>
  <testcase name="verifyContactsLinkTest" time="21.184" classname="com.crm.qa.testcases.HomePageTest"/>
</testsuite> <!-- com.crm.qa.testcases.HomePageTest -->
