<?xml version="1.0" encoding="UTF-8"?>
<!-- Generated by org.testng.reporters.JUnitReportReporter -->
<testsuite skipped="0" hostname="KIRANKK-LAP" name="com.crm.qa.testcases.TasksPageTest" tests="1" failures="0" timestamp="02 Jan 2019 06:53:43 GMT" time="15.992" errors="0">
  <testcase name="verifyTasksPageLabelTest" time="15.992" classname="com.crm.qa.testcases.TasksPageTest"/>
</testsuite> <!-- com.crm.qa.testcases.TasksPageTest -->
