<?xml version="1.0" encoding="UTF-8"?>
<!-- Generated by org.testng.reporters.JUnitReportReporter -->
<testsuite skipped="0" hostname="KIRANKK-LAP" name="com.crm.qa.testcases.LoginPageTest" tests="3" failures="0" timestamp="28 Dec 2018 05:52:55 GMT" time="44.065" errors="0">
  <testcase name="loginPageTitleTest" time="10.277" classname="com.crm.qa.testcases.LoginPageTest"/>
  <testcase name="crmLogoImageTest" time="16.374" classname="com.crm.qa.testcases.LoginPageTest"/>
  <testcase name="loginTest" time="17.414" classname="com.crm.qa.testcases.LoginPageTest"/>
</testsuite> <!-- com.crm.qa.testcases.LoginPageTest -->
