<?xml version="1.0" encoding="UTF-8"?>
<!-- Generated by org.testng.reporters.JUnitReportReporter -->
<testsuite skipped="0" hostname="KIRANKK-LAP" name="com.crm.qa.testcases.TasksPageTest" tests="1" failures="0" timestamp="31 Dec 2018 04:59:42 GMT" time="18.498" errors="0">
  <testcase name="verifyContactsPageLabelTest" time="18.498" classname="com.crm.qa.testcases.TasksPageTest"/>
</testsuite> <!-- com.crm.qa.testcases.TasksPageTest -->
