<?xml version="1.0" encoding="UTF-8"?>
<!-- Generated by org.testng.reporters.JUnitReportReporter -->
<testsuite skipped="0" hostname="KIRANKK-LAP" name="com.crm.qa.testcases.LoginPageTest" tests="2" failures="0" timestamp="31 Dec 2018 04:59:42 GMT" time="24.709" errors="0">
  <testcase name="loginPageTitleTest" time="13.837" classname="com.crm.qa.testcases.LoginPageTest"/>
  <testcase name="crmLogoImageTest" time="10.872" classname="com.crm.qa.testcases.LoginPageTest"/>
</testsuite> <!-- com.crm.qa.testcases.LoginPageTest -->
