<?xml version="1.0" encoding="UTF-8"?>
<!-- Generated by org.testng.reporters.JUnitReportReporter -->
<testsuite skipped="0" hostname="KIRANKK-LAP" name="com.crm.qa.testcases.LoginPageTest" tests="3" failures="0" timestamp="28 Dec 2018 10:03:18 GMT" time="48.499" errors="0">
  <testcase name="loginPageTitleTest" time="13.087" classname="com.crm.qa.testcases.LoginPageTest"/>
  <testcase name="crmLogoImageTest" time="13.536" classname="com.crm.qa.testcases.LoginPageTest"/>
  <testcase name="loginTest" time="21.876" classname="com.crm.qa.testcases.LoginPageTest"/>
</testsuite> <!-- com.crm.qa.testcases.LoginPageTest -->
