<?xml version="1.0" encoding="UTF-8"?>
<!-- Generated by org.testng.reporters.JUnitReportReporter -->
<testsuite skipped="0" hostname="KIRANKK-LAP" name="com.crm.qa.testcases.LoginPageTest" tests="2" failures="0" timestamp="02 Jan 2019 05:14:04 GMT" time="28.578" errors="0">
  <testcase name="loginPageTitleTest" time="9.999" classname="com.crm.qa.testcases.LoginPageTest"/>
  <testcase name="crmLogoImageTest" time="18.579" classname="com.crm.qa.testcases.LoginPageTest"/>
</testsuite> <!-- com.crm.qa.testcases.LoginPageTest -->
