<?xml version="1.0" encoding="UTF-8"?>
<!-- Generated by org.testng.reporters.JUnitReportReporter -->
<testsuite skipped="0" hostname="KIRANKK-LAP" name="com.crm.qa.testcases.LoginPageTest" tests="3" failures="0" timestamp="28 Dec 2018 17:57:00 GMT" time="46.202" errors="0">
  <testcase name="loginPageTitleTest" time="10.024" classname="com.crm.qa.testcases.LoginPageTest"/>
  <testcase name="crmLogoImageTest" time="13.031" classname="com.crm.qa.testcases.LoginPageTest"/>
  <testcase name="loginTest" time="23.147" classname="com.crm.qa.testcases.LoginPageTest"/>
</testsuite> <!-- com.crm.qa.testcases.LoginPageTest -->
